2023-03-21 12:40:27 INFO  EmployeesRestApi:17 - ***** started TC_001 *****
2023-03-21 12:40:37 INFO  EmployeesRestApi:26 - ***** Checking response Body *****
2023-03-21 12:40:37 INFO  EmployeesRestApi:27 - Response Body :{"status":"success","data":[{"id":1,"employee_name":"Tiger Nixon","employee_salary":320800,"employee_age":61,"profile_image":""},{"id":2,"employee_name":"Garrett Winters","employee_salary":170750,"employee_age":63,"profile_image":""},{"id":3,"employee_name":"Ashton Cox","employee_salary":86000,"employee_age":66,"profile_image":""},{"id":4,"employee_name":"Cedric Kelly","employee_salary":433060,"employee_age":22,"profile_image":""},{"id":5,"employee_name":"Airi Satou","employee_salary":162700,"employee_age":33,"profile_image":""},{"id":6,"employee_name":"Brielle Williamson","employee_salary":372000,"employee_age":61,"profile_image":""},{"id":7,"employee_name":"Herrod Chandler","employee_salary":137500,"employee_age":59,"profile_image":""},{"id":8,"employee_name":"Rhona Davidson","employee_salary":327900,"employee_age":55,"profile_image":""},{"id":9,"employee_name":"Colleen Hurst","employee_salary":205500,"employee_age":39,"profile_image":""},{"id":10,"employee_name":"Sonya Frost","employee_salary":103600,"employee_age":23,"profile_image":""},{"id":11,"employee_name":"Jena Gaines","employee_salary":90560,"employee_age":30,"profile_image":""},{"id":12,"employee_name":"Quinn Flynn","employee_salary":342000,"employee_age":22,"profile_image":""},{"id":13,"employee_name":"Charde Marshall","employee_salary":470600,"employee_age":36,"profile_image":""},{"id":14,"employee_name":"Haley Kennedy","employee_salary":313500,"employee_age":43,"profile_image":""},{"id":15,"employee_name":"Tatyana Fitzpatrick","employee_salary":385750,"employee_age":19,"profile_image":""},{"id":16,"employee_name":"Michael Silva","employee_salary":198500,"employee_age":66,"profile_image":""},{"id":17,"employee_name":"Paul Byrd","employee_salary":725000,"employee_age":64,"profile_image":""},{"id":18,"employee_name":"Gloria Little","employee_salary":237500,"employee_age":59,"profile_image":""},{"id":19,"employee_name":"Bradley Greer","employee_salary":132000,"employee_age":41,"profile_image":""},{"id":20,"employee_name":"Dai Rios","employee_salary":217500,"employee_age":35,"profile_image":""},{"id":21,"employee_name":"Jenette Caldwell","employee_salary":345000,"employee_age":30,"profile_image":""},{"id":22,"employee_name":"Yuri Berry","employee_salary":675000,"employee_age":40,"profile_image":""},{"id":23,"employee_name":"Caesar Vance","employee_salary":106450,"employee_age":21,"profile_image":""},{"id":24,"employee_name":"Doris Wilder","employee_salary":85600,"employee_age":23,"profile_image":""}],"message":"Successfully! All records has been fetched."}
2023-03-21 12:40:37 INFO  EmployeesRestApi:33 - ***** Checking Status Code *****
2023-03-21 12:40:37 INFO  EmployeesRestApi:34 - 200
2023-03-21 12:40:37 INFO  EmployeesRestApi:39 - ***** Checking Response Time *****
2023-03-21 12:40:37 INFO  EmployeesRestApi:41 - Response Time is ==>2017
2023-03-21 12:40:37 WARN  EmployeesRestApi:43 - response time is greater than 2000
2023-03-21 12:40:37 INFO  EmployeesRestApi:49 - ***** Checking Status Line *****
2023-03-21 12:40:37 INFO  EmployeesRestApi:51 - Status Line is ==> HTTP/1.1 200 OK
2023-03-21 12:40:37 INFO  EmployeesRestApi:56 - ***** Checking Content Type *****
2023-03-21 12:40:37 INFO  EmployeesRestApi:58 - Content Type is ==> application/json
2023-03-21 12:40:37 INFO  EmployeesRestApi:63 - ***** Checking Server Type *****
2023-03-21 12:40:37 INFO  EmployeesRestApi:65 - Server Type ==> nginx/1.21.6
2023-03-21 12:40:37 INFO  EmployeesRestApi:70 - ***** Checking Content Encoding *****
2023-03-21 12:40:37 INFO  EmployeesRestApi:72 - Content Encoding is ==>gzip
2023-03-21 12:40:37 INFO  EmployeesRestApi:77 - ***** Content Length *****
2023-03-21 12:40:37 INFO  EmployeesRestApi:79 - Content Length is ==>636
2023-03-21 12:40:37 INFO  EmployeesRestApi:87 - ***** Checking cookies *****
2023-03-21 12:40:37 INFO  EmployeesRestApi:89 - Cookie generated is ==>null
2023-03-21 12:40:37 INFO  EmployeesRestApi:94 - ***** TC_001 is finished *****
2023-03-21 12:40:37 INFO  EmployeesRestApi:20 - ***** TC_002 is started *****
2023-03-21 12:40:38 INFO  EmployeesRestApi:49 - ***** Checking Content Length
2023-03-21 12:40:38 INFO  EmployeesRestApi:27 - ***** Checking response Body *****
2023-03-21 12:40:38 INFO  EmployeesRestApi:29 - Response Body is:<!DOCTYPE html>
<html lang="en">
    <head>
        <meta charset="utf-8">
        <meta name="viewport" content="width=device-width, initial-scale=1">

        <title>Too Many Requests</title>

        <!-- Fonts -->
        <link rel="dns-prefetch" href="//fonts.gstatic.com">
        <link href="https://fonts.googleapis.com/css?family=Nunito" rel="stylesheet">

        <!-- Styles -->
        <style>
            html, body {
                background-color: #fff;
                color: #636b6f;
                font-family: 'Nunito', sans-serif;
                font-weight: 100;
                height: 100vh;
                margin: 0;
            }

            .full-height {
                height: 100vh;
            }

            .flex-center {
                align-items: center;
                display: flex;
                justify-content: center;
            }

            .position-ref {
                position: relative;
            }

            .code {
                border-right: 2px solid;
                font-size: 26px;
                padding: 0 15px 0 15px;
                text-align: center;
            }

            .message {
                font-size: 18px;
                text-align: center;
            }
        </style>
    </head>
    <body>
        <div class="flex-center position-ref full-height">
            <div class="code">
                429            </div>

            <div class="message" style="padding: 10px;">
                Too Many Requests            </div>
        </div>
    </body>
</html>

2023-03-21 12:40:38 INFO  EmployeesRestApi:41 - ***** Checking Response Time *****
2023-03-21 12:40:38 INFO  EmployeesRestApi:43 - Respnse Time is ==>1065
2023-03-21 12:40:38 INFO  EmployeesRestApi:34 - ***** Checking Status Code *****
2023-03-21 12:40:38 INFO  EmployeesRestApi:36 - Respnse Code is ==>429
2023-03-21 12:40:38 INFO  EmployeesRestApi:55 - ***** Tc_002 is finished *****
2023-03-21 12:40:38 INFO  EmployeesRestApi:25 - ***** TC_003 starts *****
2023-03-21 12:41:00 INFO  EmployeesRestApi:27 - ***** TC_004 starts *****
2023-03-21 12:41:21 INFO  EmployeesRestApi:23 - ***** TC_005 is Started *****
2023-03-21 12:41:25 INFO  EmployeesRestApi:44 - ***** Checking Status Code *****
2023-03-21 12:41:25 INFO  EmployeesRestApi:50 - ***** TC_005 is finished *****
2023-03-21 12:42:08 INFO  EmployeesRestApi:17 - ***** started TC_001 *****
2023-03-21 12:42:18 INFO  EmployeesRestApi:26 - ***** Checking response Body *****
2023-03-21 12:42:18 INFO  EmployeesRestApi:27 - Response Body :{"status":"success","data":[{"id":1,"employee_name":"Tiger Nixon","employee_salary":320800,"employee_age":61,"profile_image":""},{"id":2,"employee_name":"Garrett Winters","employee_salary":170750,"employee_age":63,"profile_image":""},{"id":3,"employee_name":"Ashton Cox","employee_salary":86000,"employee_age":66,"profile_image":""},{"id":4,"employee_name":"Cedric Kelly","employee_salary":433060,"employee_age":22,"profile_image":""},{"id":5,"employee_name":"Airi Satou","employee_salary":162700,"employee_age":33,"profile_image":""},{"id":6,"employee_name":"Brielle Williamson","employee_salary":372000,"employee_age":61,"profile_image":""},{"id":7,"employee_name":"Herrod Chandler","employee_salary":137500,"employee_age":59,"profile_image":""},{"id":8,"employee_name":"Rhona Davidson","employee_salary":327900,"employee_age":55,"profile_image":""},{"id":9,"employee_name":"Colleen Hurst","employee_salary":205500,"employee_age":39,"profile_image":""},{"id":10,"employee_name":"Sonya Frost","employee_salary":103600,"employee_age":23,"profile_image":""},{"id":11,"employee_name":"Jena Gaines","employee_salary":90560,"employee_age":30,"profile_image":""},{"id":12,"employee_name":"Quinn Flynn","employee_salary":342000,"employee_age":22,"profile_image":""},{"id":13,"employee_name":"Charde Marshall","employee_salary":470600,"employee_age":36,"profile_image":""},{"id":14,"employee_name":"Haley Kennedy","employee_salary":313500,"employee_age":43,"profile_image":""},{"id":15,"employee_name":"Tatyana Fitzpatrick","employee_salary":385750,"employee_age":19,"profile_image":""},{"id":16,"employee_name":"Michael Silva","employee_salary":198500,"employee_age":66,"profile_image":""},{"id":17,"employee_name":"Paul Byrd","employee_salary":725000,"employee_age":64,"profile_image":""},{"id":18,"employee_name":"Gloria Little","employee_salary":237500,"employee_age":59,"profile_image":""},{"id":19,"employee_name":"Bradley Greer","employee_salary":132000,"employee_age":41,"profile_image":""},{"id":20,"employee_name":"Dai Rios","employee_salary":217500,"employee_age":35,"profile_image":""},{"id":21,"employee_name":"Jenette Caldwell","employee_salary":345000,"employee_age":30,"profile_image":""},{"id":22,"employee_name":"Yuri Berry","employee_salary":675000,"employee_age":40,"profile_image":""},{"id":23,"employee_name":"Caesar Vance","employee_salary":106450,"employee_age":21,"profile_image":""},{"id":24,"employee_name":"Doris Wilder","employee_salary":85600,"employee_age":23,"profile_image":""}],"message":"Successfully! All records has been fetched."}
2023-03-21 12:42:18 INFO  EmployeesRestApi:33 - ***** Checking Status Code *****
2023-03-21 12:42:18 INFO  EmployeesRestApi:34 - 200
2023-03-21 12:42:18 INFO  EmployeesRestApi:39 - ***** Checking Response Time *****
2023-03-21 12:42:18 INFO  EmployeesRestApi:41 - Response Time is ==>2176
2023-03-21 12:42:18 WARN  EmployeesRestApi:43 - response time is greater than 2000
2023-03-21 12:42:18 INFO  EmployeesRestApi:49 - ***** Checking Status Line *****
2023-03-21 12:42:18 INFO  EmployeesRestApi:51 - Status Line is ==> HTTP/1.1 200 OK
2023-03-21 12:42:18 INFO  EmployeesRestApi:56 - ***** Checking Content Type *****
2023-03-21 12:42:18 INFO  EmployeesRestApi:58 - Content Type is ==> application/json
2023-03-21 12:42:18 INFO  EmployeesRestApi:63 - ***** Checking Server Type *****
2023-03-21 12:42:18 INFO  EmployeesRestApi:65 - Server Type ==> nginx/1.21.6
2023-03-21 12:42:18 INFO  EmployeesRestApi:70 - ***** Checking Content Encoding *****
2023-03-21 12:42:18 INFO  EmployeesRestApi:72 - Content Encoding is ==>gzip
2023-03-21 12:42:18 INFO  EmployeesRestApi:77 - ***** Content Length *****
2023-03-21 12:42:18 INFO  EmployeesRestApi:79 - Content Length is ==>636
2023-03-21 12:42:18 INFO  EmployeesRestApi:87 - ***** Checking cookies *****
2023-03-21 12:42:18 INFO  EmployeesRestApi:89 - Cookie generated is ==>null
2023-03-21 12:42:18 INFO  EmployeesRestApi:94 - ***** TC_001 is finished *****
2023-03-21 12:42:18 INFO  EmployeesRestApi:20 - ***** TC_002 is started *****
2023-03-21 12:42:19 INFO  EmployeesRestApi:49 - ***** Checking Content Length
2023-03-21 12:42:19 INFO  EmployeesRestApi:27 - ***** Checking response Body *****
2023-03-21 12:42:19 INFO  EmployeesRestApi:29 - Response Body is:<!DOCTYPE html>
<html lang="en">
    <head>
        <meta charset="utf-8">
        <meta name="viewport" content="width=device-width, initial-scale=1">

        <title>Too Many Requests</title>

        <!-- Fonts -->
        <link rel="dns-prefetch" href="//fonts.gstatic.com">
        <link href="https://fonts.googleapis.com/css?family=Nunito" rel="stylesheet">

        <!-- Styles -->
        <style>
            html, body {
                background-color: #fff;
                color: #636b6f;
                font-family: 'Nunito', sans-serif;
                font-weight: 100;
                height: 100vh;
                margin: 0;
            }

            .full-height {
                height: 100vh;
            }

            .flex-center {
                align-items: center;
                display: flex;
                justify-content: center;
            }

            .position-ref {
                position: relative;
            }

            .code {
                border-right: 2px solid;
                font-size: 26px;
                padding: 0 15px 0 15px;
                text-align: center;
            }

            .message {
                font-size: 18px;
                text-align: center;
            }
        </style>
    </head>
    <body>
        <div class="flex-center position-ref full-height">
            <div class="code">
                429            </div>

            <div class="message" style="padding: 10px;">
                Too Many Requests            </div>
        </div>
    </body>
</html>

2023-03-21 12:42:19 INFO  EmployeesRestApi:41 - ***** Checking Response Time *****
2023-03-21 12:42:19 INFO  EmployeesRestApi:43 - Respnse Time is ==>1060
2023-03-21 12:42:19 INFO  EmployeesRestApi:34 - ***** Checking Status Code *****
2023-03-21 12:42:19 INFO  EmployeesRestApi:36 - Respnse Code is ==>429
2023-03-21 12:42:19 INFO  EmployeesRestApi:55 - ***** Tc_002 is finished *****
2023-03-21 12:42:19 INFO  EmployeesRestApi:25 - ***** TC_003 starts *****
2023-03-21 12:42:40 INFO  EmployeesRestApi:27 - ***** TC_004 starts *****
2023-03-21 12:43:01 INFO  EmployeesRestApi:23 - ***** TC_005 is Started *****
2023-03-21 12:43:06 INFO  EmployeesRestApi:44 - ***** Checking Status Code *****
2023-03-21 12:43:06 INFO  EmployeesRestApi:50 - ***** TC_005 is finished *****
